{"content": {"suites": {"0": {"status": {"total_pass": 8, "total_skip": 0, "total_xpass": 0, "total_xfail": 0, "total_rerun": 0, "total_fail": 2, "total_error": 0}, "tests": {"0": {"status": "PASS", "message": "", "test_name": "test_verify_google", "rerun": "0"}, "1": {"status": "FAIL", "message": "   selenium.common.exceptions.ElementClickInterceptedException: Message: element click intercepted: Element <input class=\"gNO89b\" value=\"Google Search\" aria-label=\"Google Search\" name=\"btnK\" role=\"button\" tabindex=\"0\" type=\"submit\" data-ved=\"0ahUKEwiZzq2WuPeAAxUDVt4KHf9wDpIQ4dUDCA4\"> is not clickable at point (387, 471). Other element would receive the click: <span>...</span>\n     (Session info: chrome=116.0.5845.111)\n   Stacktrace:\n   \tGetHandleVerifier [0x00007FF63C0952A2+57122]\n   \t(No symbol) [0x00007FF63C00EA92]\n   \t(No symbol) [0x00007FF63BEDE3AB]\n   \t(No symbol) [0x00007FF63BF1D783]\n   \t(No symbol) [0x00007FF63BF1BD5F]\n   \t(No symbol) [0x00007FF63BF19DC8]\n   \t(No symbol) [0x00007FF63BF18FD5]\n   \t(No symbol) [0x00007FF63BF0F25F]\n   \t(No symbol) [0x00007FF63BF36FDA]\n   \t(No symbol) [0x00007FF63BF0EB76]\n   \t(No symbol) [0x00007FF63BF371F0]\n   \t(No symbol) [0x00007FF63BF4EB82]\n   \t(No symbol) [0x00007FF63BF36DB3]\n   \t(No symbol) [0x00007FF63BF0D2B1]\n   \t(No symbol) [0x00007FF63BF0E494]\n   \tGetHandleVerifier [0x00007FF63C33EF82+2849794]\n   \tGetHandleVerifier [0x00007FF63C391D24+3189156]\n   \tGetHandleVerifier [0x00007FF63C38ACAF+3160367]\n   \tGetHandleVerifier [0x00007FF63C126D06+653702]\n   \t(No symbol) [0x00007FF63C01A208]\n   \t(No symbol) [0x00007FF63C0162C4]\n   \t(No symbol) [0x00007FF63C0163F6]\n   \t(No symbol) [0x00007FF63C0067A3]\n   \tBaseThreadInitThunk [0x00007FFB91767614+20]\n   \tRtlUserThreadStart [0x00007FFB91BE26B1+33]\n", "test_name": "test_enter_search_amazon", "rerun": "0"}, "2": {"status": "PASS", "message": "", "test_name": "test_print_all_test_results", "rerun": "0"}, "3": {"status": "PASS", "message": "", "test_name": "test_click_amazon", "rerun": "0"}, "4": {"status": "PASS", "message": "", "test_name": "test_signin_amazon", "rerun": "0"}, "5": {"status": "PASS", "message": "", "test_name": "test_click_all_electronics", "rerun": "0"}, "6": {"status": "PASS", "message": "", "test_name": "test_search_dell", "rerun": "0"}, "7": {"status": "PASS", "message": "", "test_name": "test_apply_filter", "rerun": "0"}, "8": {"status": "PASS", "message": "", "test_name": "test_five_star", "rerun": "0"}, "9": {"status": "FAIL", "message": "   selenium.common.exceptions.ElementNotInteractableException: Message: element not interactable\n     (Session info: chrome=116.0.5845.111)\n   Stacktrace:\n   \tGetHandleVerifier [0x00007FF63C0952A2+57122]\n   \t(No symbol) [0x00007FF63C00EA92]\n   \t(No symbol) [0x00007FF63BEDE25D]\n   \t(No symbol) [0x00007FF63BF18E97]\n   \t(No symbol) [0x00007FF63BF0F25F]\n   \t(No symbol) [0x00007FF63BF36FDA]\n   \t(No symbol) [0x00007FF63BF0EB76]\n   \t(No symbol) [0x00007FF63BF371F0]\n   \t(No symbol) [0x00007FF63BF4EB82]\n   \t(No symbol) [0x00007FF63BF36DB3]\n   \t(No symbol) [0x00007FF63BF0D2B1]\n   \t(No symbol) [0x00007FF63BF0E494]\n   \tGetHandleVerifier [0x00007FF63C33EF82+2849794]\n   \tGetHandleVerifier [0x00007FF63C391D24+3189156]\n   \tGetHandleVerifier [0x00007FF63C38ACAF+3160367]\n   \tGetHandleVerifier [0x00007FF63C126D06+653702]\n   \t(No symbol) [0x00007FF63C01A208]\n   \t(No symbol) [0x00007FF63C0162C4]\n   \t(No symbol) [0x00007FF63C0163F6]\n   \t(No symbol) [0x00007FF63C0067A3]\n   \tBaseThreadInitThunk [0x00007FFB91767614+20]\n   \tRtlUserThreadStart [0x00007FFB91BE26B1+33]\n", "test_name": "test_creating_wishlist", "rerun": "0"}}, "suite_name": "test_UI.py"}}}, "date": "August 25, 2023", "start_time": 1692953764.81296, "total_suite": 1, "status": "FAIL", "status_list": {"pass": "8", "fail": "2", "skip": "0", "error": "0", "xpass": "0", "xfail": "0", "rerun": "0"}, "total_tests": "10"}